#-----------------------------------------------------------
# Vivado v2018.2 (64-bit)
# SW Build 2258646 on Thu Jun 14 20:03:12 MDT 2018
# IP Build 2256618 on Thu Jun 14 22:10:49 MDT 2018
# Start of session at: Sun Mar 10 00:10:03 2024
# Process ID: 5584
# Current directory: C:/Users/sheng/OneDrive - National University of Singapore/Desktop/NUS/Y1S2/EE2026/ee2026_project/MODS.xpr/MODS
# Command line: vivado.exe -gui_launcher_event rodinguilauncherevent2804 C:\Users\sheng\OneDrive - National University of Singapore\Desktop\NUS\Y1S2\EE2026\ee2026_project\MODS.xpr\MODS\MODS.xpr
# Log file: C:/Users/sheng/OneDrive - National University of Singapore/Desktop/NUS/Y1S2/EE2026/ee2026_project/MODS.xpr/MODS/vivado.log
# Journal file: C:/Users/sheng/OneDrive - National University of Singapore/Desktop/NUS/Y1S2/EE2026/ee2026_project/MODS.xpr/MODS\vivado.jou
#-----------------------------------------------------------
start_gui
open_project {C:/Users/sheng/OneDrive - National University of Singapore/Desktop/NUS/Y1S2/EE2026/ee2026_project/MODS.xpr/MODS/MODS.xpr}
INFO: [ProjectBase 1-489] The host OS only allows 260 characters in a normal path. The project is stored in a path with more than 80 characters. If you experience issues with IP, Block Designs, or files not being found, please consider moving the project to a location with a shorter path. Alternately consider using the OS subst command to map part of the path to a drive letter.
Current project path is 'C:/Users/sheng/OneDrive - National University of Singapore/Desktop/NUS/Y1S2/EE2026/ee2026_project/MODS.xpr/MODS'
Scanning sources...
Finished scanning sources
INFO: [IP_Flow 19-234] Refreshing IP repositories
INFO: [IP_Flow 19-1704] No user IP repositories specified
INFO: [IP_Flow 19-2313] Loaded Vivado IP repository 'C:/Xilinx/Vivado/2018.2/data/ip'.
update_compile_order -fileset sources_1
synth_design -rtl -name rtl_1
Command: synth_design -rtl -name rtl_1
Starting synth_design
Using part: xc7a35tcpg236-1
Top: Top_Student
---------------------------------------------------------------------------------
Starting RTL Elaboration : Time (s): cpu = 00:00:00 ; elapsed = 00:00:01 . Memory (MB): peak = 1109.465 ; gain = 100.391
---------------------------------------------------------------------------------
INFO: [Synth 8-6157] synthesizing module 'Top_Student' [C:/Users/sheng/OneDrive - National University of Singapore/Desktop/NUS/Y1S2/EE2026/ee2026_project/MODS.xpr/MODS/MODS.srcs/sources_1/new/Top_Student.v:17]
INFO: [Synth 8-6157] synthesizing module 'flexible_clock_module' [C:/Users/sheng/OneDrive - National University of Singapore/Desktop/NUS/Y1S2/EE2026/ee2026_project/MODS.xpr/MODS/MODS.srcs/sources_1/new/flexible_clock_module.v:23]
INFO: [Synth 8-6155] done synthesizing module 'flexible_clock_module' (1#1) [C:/Users/sheng/OneDrive - National University of Singapore/Desktop/NUS/Y1S2/EE2026/ee2026_project/MODS.xpr/MODS/MODS.srcs/sources_1/new/flexible_clock_module.v:23]
INFO: [Synth 8-6157] synthesizing module 'Oled_Display' [C:/Users/sheng/OneDrive - National University of Singapore/Desktop/NUS/Y1S2/EE2026/ee2026_project/MODS.xpr/MODS/MODS.srcs/sources_1/imports/Desktop/Oled_Display.v:36]
	Parameter Width bound to: 96 - type: integer 
	Parameter Height bound to: 64 - type: integer 
	Parameter PixelCount bound to: 6144 - type: integer 
	Parameter PixelCountWidth bound to: 13 - type: integer 
	Parameter ClkFreq bound to: 6250000 - type: integer 
	Parameter FrameFreq bound to: 60 - type: integer 
	Parameter FrameDiv bound to: 104166 - type: integer 
	Parameter FrameDivWidth bound to: 17 - type: integer 
	Parameter PowerDelay bound to: 20 - type: integer 
	Parameter ResetDelay bound to: 3 - type: integer 
	Parameter VccEnDelay bound to: 20 - type: integer 
	Parameter StartupCompleteDelay bound to: 100 - type: integer 
	Parameter MaxDelay bound to: 100 - type: integer 
	Parameter MaxDelayCount bound to: 625000 - type: integer 
	Parameter StateCount bound to: 32 - type: integer 
	Parameter StateWidth bound to: 5 - type: integer 
	Parameter PowerUp bound to: 5'b00000 
	Parameter Reset bound to: 5'b00001 
	Parameter ReleaseReset bound to: 5'b00011 
	Parameter EnableDriver bound to: 5'b00010 
	Parameter DisplayOff bound to: 5'b00110 
	Parameter SetRemapDisplayFormat bound to: 5'b00111 
	Parameter SetStartLine bound to: 5'b00101 
	Parameter SetOffset bound to: 5'b00100 
	Parameter SetNormalDisplay bound to: 5'b01100 
	Parameter SetMultiplexRatio bound to: 5'b01101 
	Parameter SetMasterConfiguration bound to: 5'b01111 
	Parameter DisablePowerSave bound to: 5'b01110 
	Parameter SetPhaseAdjust bound to: 5'b01010 
	Parameter SetDisplayClock bound to: 5'b01011 
	Parameter SetSecondPrechargeA bound to: 5'b01001 
	Parameter SetSecondPrechargeB bound to: 5'b01000 
	Parameter SetSecondPrechargeC bound to: 5'b11000 
	Parameter SetPrechargeLevel bound to: 5'b11001 
	Parameter SetVCOMH bound to: 5'b11011 
	Parameter SetMasterCurrent bound to: 5'b11010 
	Parameter SetContrastA bound to: 5'b11110 
	Parameter SetContrastB bound to: 5'b11111 
	Parameter SetContrastC bound to: 5'b11101 
	Parameter DisableScrolling bound to: 5'b11100 
	Parameter ClearScreen bound to: 5'b10100 
	Parameter VccEn bound to: 5'b10101 
	Parameter DisplayOn bound to: 5'b10111 
	Parameter PrepareNextFrame bound to: 5'b10110 
	Parameter SetColAddress bound to: 5'b10010 
	Parameter SetRowAddress bound to: 5'b10011 
	Parameter WaitNextFrame bound to: 5'b10001 
	Parameter SendPixel bound to: 5'b10000 
	Parameter SpiCommandMaxWidth bound to: 40 - type: integer 
	Parameter SpiCommandBitCountWidth bound to: 6 - type: integer 
INFO: [Synth 8-226] default block is never used [C:/Users/sheng/OneDrive - National University of Singapore/Desktop/NUS/Y1S2/EE2026/ee2026_project/MODS.xpr/MODS/MODS.srcs/sources_1/imports/Desktop/Oled_Display.v:123]
INFO: [Synth 8-226] default block is never used [C:/Users/sheng/OneDrive - National University of Singapore/Desktop/NUS/Y1S2/EE2026/ee2026_project/MODS.xpr/MODS/MODS.srcs/sources_1/imports/Desktop/Oled_Display.v:198]
WARNING: [Synth 8-693] zero replication count - replication ignored [C:/Users/sheng/OneDrive - National University of Singapore/Desktop/NUS/Y1S2/EE2026/ee2026_project/MODS.xpr/MODS/MODS.srcs/sources_1/imports/Desktop/Oled_Display.v:346]
INFO: [Synth 8-6155] done synthesizing module 'Oled_Display' (2#1) [C:/Users/sheng/OneDrive - National University of Singapore/Desktop/NUS/Y1S2/EE2026/ee2026_project/MODS.xpr/MODS/MODS.srcs/sources_1/imports/Desktop/Oled_Display.v:36]
INFO: [Synth 8-6157] synthesizing module 'task_d' [C:/Users/sheng/OneDrive - National University of Singapore/Desktop/NUS/Y1S2/EE2026/ee2026_project/MODS.xpr/MODS/MODS.srcs/sources_1/new/task_d.v:23]
INFO: [Synth 8-6157] synthesizing module 'button_controls' [C:/Users/sheng/OneDrive - National University of Singapore/Desktop/NUS/Y1S2/EE2026/ee2026_project/MODS.xpr/MODS/MODS.srcs/sources_1/new/task_d.v:65]
INFO: [Synth 8-6155] done synthesizing module 'button_controls' (3#1) [C:/Users/sheng/OneDrive - National University of Singapore/Desktop/NUS/Y1S2/EE2026/ee2026_project/MODS.xpr/MODS/MODS.srcs/sources_1/new/task_d.v:65]
INFO: [Synth 8-6157] synthesizing module 'square_controls' [C:/Users/sheng/OneDrive - National University of Singapore/Desktop/NUS/Y1S2/EE2026/ee2026_project/MODS.xpr/MODS/MODS.srcs/sources_1/new/task_d.v:87]
INFO: [Synth 8-6155] done synthesizing module 'square_controls' (4#1) [C:/Users/sheng/OneDrive - National University of Singapore/Desktop/NUS/Y1S2/EE2026/ee2026_project/MODS.xpr/MODS/MODS.srcs/sources_1/new/task_d.v:87]
INFO: [Synth 8-6157] synthesizing module 'index_to_xy' [C:/Users/sheng/OneDrive - National University of Singapore/Desktop/NUS/Y1S2/EE2026/ee2026_project/MODS.xpr/MODS/MODS.srcs/sources_1/new/index_to_xy.v:26]
INFO: [Synth 8-6155] done synthesizing module 'index_to_xy' (5#1) [C:/Users/sheng/OneDrive - National University of Singapore/Desktop/NUS/Y1S2/EE2026/ee2026_project/MODS.xpr/MODS/MODS.srcs/sources_1/new/index_to_xy.v:26]
INFO: [Synth 8-6157] synthesizing module 'draw_box' [C:/Users/sheng/OneDrive - National University of Singapore/Desktop/NUS/Y1S2/EE2026/ee2026_project/MODS.xpr/MODS/MODS.srcs/sources_1/new/task_d.v:112]
INFO: [Synth 8-6155] done synthesizing module 'draw_box' (6#1) [C:/Users/sheng/OneDrive - National University of Singapore/Desktop/NUS/Y1S2/EE2026/ee2026_project/MODS.xpr/MODS/MODS.srcs/sources_1/new/task_d.v:112]
INFO: [Synth 8-6155] done synthesizing module 'task_d' (7#1) [C:/Users/sheng/OneDrive - National University of Singapore/Desktop/NUS/Y1S2/EE2026/ee2026_project/MODS.xpr/MODS/MODS.srcs/sources_1/new/task_d.v:23]
WARNING: [Synth 8-350] instance 'task_d_module' of module 'task_d' requires 8 connections, but only 6 given [C:/Users/sheng/OneDrive - National University of Singapore/Desktop/NUS/Y1S2/EE2026/ee2026_project/MODS.xpr/MODS/MODS.srcs/sources_1/new/Top_Student.v:53]
WARNING: [Synth 8-3848] Net led in module/entity Top_Student does not have driver. [C:/Users/sheng/OneDrive - National University of Singapore/Desktop/NUS/Y1S2/EE2026/ee2026_project/MODS.xpr/MODS/MODS.srcs/sources_1/new/Top_Student.v:22]
WARNING: [Synth 8-3848] Net seg in module/entity Top_Student does not have driver. [C:/Users/sheng/OneDrive - National University of Singapore/Desktop/NUS/Y1S2/EE2026/ee2026_project/MODS.xpr/MODS/MODS.srcs/sources_1/new/Top_Student.v:23]
INFO: [Synth 8-6155] done synthesizing module 'Top_Student' (8#1) [C:/Users/sheng/OneDrive - National University of Singapore/Desktop/NUS/Y1S2/EE2026/ee2026_project/MODS.xpr/MODS/MODS.srcs/sources_1/new/Top_Student.v:17]
WARNING: [Synth 8-3917] design Top_Student has port an[3] driven by constant 0
WARNING: [Synth 8-3917] design Top_Student has port an[2] driven by constant 0
WARNING: [Synth 8-3917] design Top_Student has port an[1] driven by constant 0
WARNING: [Synth 8-3917] design Top_Student has port an[0] driven by constant 0
WARNING: [Synth 8-3331] design button_controls has unconnected port btnU
WARNING: [Synth 8-3331] design button_controls has unconnected port btnL
WARNING: [Synth 8-3331] design button_controls has unconnected port btnR
WARNING: [Synth 8-3331] design Top_Student has unconnected port JB[2]
WARNING: [Synth 8-3331] design Top_Student has unconnected port led[15]
WARNING: [Synth 8-3331] design Top_Student has unconnected port led[14]
WARNING: [Synth 8-3331] design Top_Student has unconnected port led[13]
WARNING: [Synth 8-3331] design Top_Student has unconnected port led[12]
WARNING: [Synth 8-3331] design Top_Student has unconnected port led[11]
WARNING: [Synth 8-3331] design Top_Student has unconnected port led[10]
WARNING: [Synth 8-3331] design Top_Student has unconnected port led[9]
WARNING: [Synth 8-3331] design Top_Student has unconnected port led[8]
WARNING: [Synth 8-3331] design Top_Student has unconnected port led[7]
WARNING: [Synth 8-3331] design Top_Student has unconnected port led[6]
WARNING: [Synth 8-3331] design Top_Student has unconnected port led[5]
WARNING: [Synth 8-3331] design Top_Student has unconnected port led[4]
WARNING: [Synth 8-3331] design Top_Student has unconnected port led[3]
WARNING: [Synth 8-3331] design Top_Student has unconnected port led[2]
WARNING: [Synth 8-3331] design Top_Student has unconnected port led[1]
WARNING: [Synth 8-3331] design Top_Student has unconnected port led[0]
WARNING: [Synth 8-3331] design Top_Student has unconnected port seg[6]
WARNING: [Synth 8-3331] design Top_Student has unconnected port seg[5]
WARNING: [Synth 8-3331] design Top_Student has unconnected port seg[4]
WARNING: [Synth 8-3331] design Top_Student has unconnected port seg[3]
WARNING: [Synth 8-3331] design Top_Student has unconnected port seg[2]
WARNING: [Synth 8-3331] design Top_Student has unconnected port seg[1]
WARNING: [Synth 8-3331] design Top_Student has unconnected port seg[0]
WARNING: [Synth 8-3331] design Top_Student has unconnected port PS2Clk
WARNING: [Synth 8-3331] design Top_Student has unconnected port PS2Data
WARNING: [Synth 8-3331] design Top_Student has unconnected port btnD
WARNING: [Synth 8-3331] design Top_Student has unconnected port SW[15]
WARNING: [Synth 8-3331] design Top_Student has unconnected port SW[14]
WARNING: [Synth 8-3331] design Top_Student has unconnected port SW[13]
WARNING: [Synth 8-3331] design Top_Student has unconnected port SW[12]
WARNING: [Synth 8-3331] design Top_Student has unconnected port SW[11]
WARNING: [Synth 8-3331] design Top_Student has unconnected port SW[10]
WARNING: [Synth 8-3331] design Top_Student has unconnected port SW[9]
WARNING: [Synth 8-3331] design Top_Student has unconnected port SW[8]
WARNING: [Synth 8-3331] design Top_Student has unconnected port SW[7]
WARNING: [Synth 8-3331] design Top_Student has unconnected port SW[6]
WARNING: [Synth 8-3331] design Top_Student has unconnected port SW[5]
WARNING: [Synth 8-3331] design Top_Student has unconnected port SW[4]
WARNING: [Synth 8-3331] design Top_Student has unconnected port SW[3]
WARNING: [Synth 8-3331] design Top_Student has unconnected port SW[2]
WARNING: [Synth 8-3331] design Top_Student has unconnected port SW[1]
WARNING: [Synth 8-3331] design Top_Student has unconnected port SW[0]
---------------------------------------------------------------------------------
Finished RTL Elaboration : Time (s): cpu = 00:00:00 ; elapsed = 00:00:02 . Memory (MB): peak = 1153.559 ; gain = 144.484
---------------------------------------------------------------------------------

Report Check Netlist: 
+------+------------------+-------+---------+-------+------------------+
|      |Item              |Errors |Warnings |Status |Description       |
+------+------------------+-------+---------+-------+------------------+
|1     |multi_driven_nets |      0|        0|Passed |Multi driven nets |
+------+------------------+-------+---------+-------+------------------+
WARNING: [Synth 8-3295] tying undriven pin task_d_module:basys_clk to constant 0 [C:/Users/sheng/OneDrive - National University of Singapore/Desktop/NUS/Y1S2/EE2026/ee2026_project/MODS.xpr/MODS/MODS.srcs/sources_1/new/Top_Student.v:53]
WARNING: [Synth 8-3295] tying undriven pin task_d_module:btnD to constant 0 [C:/Users/sheng/OneDrive - National University of Singapore/Desktop/NUS/Y1S2/EE2026/ee2026_project/MODS.xpr/MODS/MODS.srcs/sources_1/new/Top_Student.v:53]
---------------------------------------------------------------------------------
Start Handling Custom Attributes
---------------------------------------------------------------------------------
---------------------------------------------------------------------------------
Finished Handling Custom Attributes : Time (s): cpu = 00:00:00 ; elapsed = 00:00:02 . Memory (MB): peak = 1153.559 ; gain = 144.484
---------------------------------------------------------------------------------
---------------------------------------------------------------------------------
Finished RTL Optimization Phase 1 : Time (s): cpu = 00:00:00 ; elapsed = 00:00:02 . Memory (MB): peak = 1153.559 ; gain = 144.484
---------------------------------------------------------------------------------
INFO: [Device 21-403] Loading part xc7a35tcpg236-1
INFO: [Project 1-570] Preparing netlist for logic optimization
INFO: [Opt 31-141] Inserted 4 OBUFs to IO ports without IO buffers.

Processing XDC Constraints
Initializing timing engine
Parsing XDC File [C:/Users/sheng/OneDrive - National University of Singapore/Desktop/NUS/Y1S2/EE2026/ee2026_project/MODS.xpr/MODS/MODS.srcs/constrs_1/new/constraints.xdc]
WARNING: [Vivado 12-584] No ports matched 'dp'. [C:/Users/sheng/OneDrive - National University of Singapore/Desktop/NUS/Y1S2/EE2026/ee2026_project/MODS.xpr/MODS/MODS.srcs/constrs_1/new/constraints.xdc:58]
CRITICAL WARNING: [Common 17-55] 'set_property' expects at least one object. [C:/Users/sheng/OneDrive - National University of Singapore/Desktop/NUS/Y1S2/EE2026/ee2026_project/MODS.xpr/MODS/MODS.srcs/constrs_1/new/constraints.xdc:58]
Resolution: If [get_<value>] was used to populate the object, check to make sure this command returns at least one valid object.
Finished Parsing XDC File [C:/Users/sheng/OneDrive - National University of Singapore/Desktop/NUS/Y1S2/EE2026/ee2026_project/MODS.xpr/MODS/MODS.srcs/constrs_1/new/constraints.xdc]
Completed Processing XDC Constraints

INFO: [Opt 31-138] Pushed 0 inverter(s) to 0 load pin(s).
INFO: [Project 1-111] Unisim Transformation Summary:
No Unisim elements were transformed.

RTL Elaboration Complete:  : Time (s): cpu = 00:00:04 ; elapsed = 00:00:09 . Memory (MB): peak = 1531.961 ; gain = 522.887
23 Infos, 57 Warnings, 1 Critical Warnings and 0 Errors encountered.
synth_design completed successfully
synth_design: Time (s): cpu = 00:00:04 ; elapsed = 00:00:09 . Memory (MB): peak = 1531.961 ; gain = 522.887
reset_run synth_1
launch_runs impl_1 -to_step write_bitstream -jobs 8
[Sun Mar 10 00:50:40 2024] Launched synth_1...
Run output will be captured here: C:/Users/sheng/OneDrive - National University of Singapore/Desktop/NUS/Y1S2/EE2026/ee2026_project/MODS.xpr/MODS/MODS.runs/synth_1/runme.log
[Sun Mar 10 00:50:40 2024] Launched impl_1...
Run output will be captured here: C:/Users/sheng/OneDrive - National University of Singapore/Desktop/NUS/Y1S2/EE2026/ee2026_project/MODS.xpr/MODS/MODS.runs/impl_1/runme.log
open_hw
connect_hw_server
INFO: [Labtools 27-2285] Connecting to hw_server url TCP:localhost:3121
INFO: [Labtools 27-2222] Launching hw_server...
INFO: [Labtools 27-2221] Launch Output:

****** Xilinx hw_server v2018.2
  **** Build date : Jun 14 2018-20:42:52
    ** Copyright 1986-2018 Xilinx, Inc. All Rights Reserved.


open_hw_target
INFO: [Labtoolstcl 44-466] Opening hw_target localhost:3121/xilinx_tcf/Digilent/210183714157A
set_property PROGRAM.FILE {C:/Users/sheng/OneDrive - National University of Singapore/Desktop/NUS/Y1S2/EE2026/ee2026_project/MODS.xpr/MODS/MODS.runs/impl_1/Top_Student.bit} [get_hw_devices xc7a35t_0]
current_hw_device [get_hw_devices xc7a35t_0]
refresh_hw_device -update_hw_probes false [lindex [get_hw_devices xc7a35t_0] 0]
INFO: [Labtools 27-1434] Device xc7a35t (JTAG device index = 0) is programmed with a design that has no supported debug core(s) in it.
WARNING: [Labtools 27-3361] The debug hub core was not detected.
Resolution: 
1. Make sure the clock connected to the debug hub (dbg_hub) core is a free running clock and is active.
2. Make sure the BSCAN_SWITCH_USER_MASK device property in Vivado Hardware Manager reflects the user scan chain setting in the design and refresh the device.  To determine the user scan chain setting in the design, open the implemented design and use 'get_property C_USER_SCAN_CHAIN [get_debug_cores dbg_hub]'.
For more details on setting the scan chain property, consult the Vivado Debug and Programming User Guide (UG908).
set_property PROBES.FILE {} [get_hw_devices xc7a35t_0]
set_property FULL_PROBES.FILE {} [get_hw_devices xc7a35t_0]
set_property PROGRAM.FILE {C:/Users/sheng/OneDrive - National University of Singapore/Desktop/NUS/Y1S2/EE2026/ee2026_project/MODS.xpr/MODS/MODS.runs/impl_1/Top_Student.bit} [get_hw_devices xc7a35t_0]
program_hw_devices [get_hw_devices xc7a35t_0]
INFO: [Labtools 27-3164] End of startup status: HIGH
refresh_hw_device [lindex [get_hw_devices xc7a35t_0] 0]
INFO: [Labtools 27-1434] Device xc7a35t (JTAG device index = 0) is programmed with a design that has no supported debug core(s) in it.
WARNING: [Labtools 27-3361] The debug hub core was not detected.
Resolution: 
1. Make sure the clock connected to the debug hub (dbg_hub) core is a free running clock and is active.
2. Make sure the BSCAN_SWITCH_USER_MASK device property in Vivado Hardware Manager reflects the user scan chain setting in the design and refresh the device.  To determine the user scan chain setting in the design, open the implemented design and use 'get_property C_USER_SCAN_CHAIN [get_debug_cores dbg_hub]'.
For more details on setting the scan chain property, consult the Vivado Debug and Programming User Guide (UG908).
reset_run synth_1
launch_runs impl_1 -to_step write_bitstream -jobs 8
[Sun Mar 10 00:54:15 2024] Launched synth_1...
Run output will be captured here: C:/Users/sheng/OneDrive - National University of Singapore/Desktop/NUS/Y1S2/EE2026/ee2026_project/MODS.xpr/MODS/MODS.runs/synth_1/runme.log
[Sun Mar 10 00:54:15 2024] Launched impl_1...
Run output will be captured here: C:/Users/sheng/OneDrive - National University of Singapore/Desktop/NUS/Y1S2/EE2026/ee2026_project/MODS.xpr/MODS/MODS.runs/impl_1/runme.log
set_property PROBES.FILE {} [get_hw_devices xc7a35t_0]
set_property FULL_PROBES.FILE {} [get_hw_devices xc7a35t_0]
set_property PROGRAM.FILE {C:/Users/sheng/OneDrive - National University of Singapore/Desktop/NUS/Y1S2/EE2026/ee2026_project/MODS.xpr/MODS/MODS.runs/impl_1/Top_Student.bit} [get_hw_devices xc7a35t_0]
program_hw_devices [get_hw_devices xc7a35t_0]
INFO: [Labtools 27-3164] End of startup status: HIGH
refresh_hw_device [lindex [get_hw_devices xc7a35t_0] 0]
INFO: [Common 17-41] Interrupt caught. Command should exit soon.
INFO: [Labtools 27-1435] Device xc7a35t (JTAG device index = 0) is not programmed (DONE status = 0).
refresh_hw_device: Time (s): cpu = 00:00:00 ; elapsed = 00:00:15 . Memory (MB): peak = 2168.309 ; gain = 0.000
INFO: [Common 17-344] 'refresh_hw_device' was cancelled
ERROR: [Labtoolstcl 44-513] HW Target shutdown. Closing target: localhost:3121/xilinx_tcf/Digilent/210183714157A
disconnect_hw_server localhost:3121
connect_hw_server
INFO: [Labtools 27-2285] Connecting to hw_server url TCP:localhost:3121
connect_hw_server: Time (s): cpu = 00:00:00 ; elapsed = 00:00:25 . Memory (MB): peak = 2168.309 ; gain = 0.000
open_hw_target
INFO: [Labtoolstcl 44-466] Opening hw_target localhost:3121/xilinx_tcf/Digilent/210183714157A
ERROR: [Labtools 27-2269] No devices detected on target localhost:3121/xilinx_tcf/Digilent/210183714157A.
Check cable connectivity and that the target board is powered up then
use the disconnect_hw_server and connect_hw_server to re-register this hardware target.
ERROR: [Common 17-39] 'open_hw_target' failed due to earlier errors.
ERROR: [Labtoolstcl 44-513] HW Target shutdown. Closing target: localhost:3121/xilinx_tcf/Digilent/210183714157A
INFO: [Labtoolstcl 44-466] Opening hw_target localhost:3121/xilinx_tcf/Digilent/210183714157A
INFO: [Labtools 27-1434] Device xc7a35t (JTAG device index = 0) is programmed with a design that has no supported debug core(s) in it.
WARNING: [Labtools 27-3361] The debug hub core was not detected.
Resolution: 
1. Make sure the clock connected to the debug hub (dbg_hub) core is a free running clock and is active.
2. Make sure the BSCAN_SWITCH_USER_MASK device property in Vivado Hardware Manager reflects the user scan chain setting in the design and refresh the device.  To determine the user scan chain setting in the design, open the implemented design and use 'get_property C_USER_SCAN_CHAIN [get_debug_cores dbg_hub]'.
For more details on setting the scan chain property, consult the Vivado Debug and Programming User Guide (UG908).
WARNING: [Labtoolstcl 44-129] No matching hw_ila_data was found.
set_property PROBES.FILE {} [get_hw_devices xc7a35t_0]
set_property FULL_PROBES.FILE {} [get_hw_devices xc7a35t_0]
set_property PROGRAM.FILE {C:/Users/sheng/OneDrive - National University of Singapore/Desktop/NUS/Y1S2/EE2026/ee2026_project/MODS.xpr/MODS/MODS.runs/impl_1/Top_Student.bit} [get_hw_devices xc7a35t_0]
program_hw_devices [get_hw_devices xc7a35t_0]
INFO: [Labtools 27-3164] End of startup status: HIGH
refresh_hw_device [lindex [get_hw_devices xc7a35t_0] 0]
INFO: [Labtools 27-1434] Device xc7a35t (JTAG device index = 0) is programmed with a design that has no supported debug core(s) in it.
WARNING: [Labtools 27-3361] The debug hub core was not detected.
Resolution: 
1. Make sure the clock connected to the debug hub (dbg_hub) core is a free running clock and is active.
2. Make sure the BSCAN_SWITCH_USER_MASK device property in Vivado Hardware Manager reflects the user scan chain setting in the design and refresh the device.  To determine the user scan chain setting in the design, open the implemented design and use 'get_property C_USER_SCAN_CHAIN [get_debug_cores dbg_hub]'.
For more details on setting the scan chain property, consult the Vivado Debug and Programming User Guide (UG908).
reset_run synth_1
launch_runs impl_1 -to_step write_bitstream -jobs 8
[Sun Mar 10 00:59:15 2024] Launched synth_1...
Run output will be captured here: C:/Users/sheng/OneDrive - National University of Singapore/Desktop/NUS/Y1S2/EE2026/ee2026_project/MODS.xpr/MODS/MODS.runs/synth_1/runme.log
[Sun Mar 10 00:59:15 2024] Launched impl_1...
Run output will be captured here: C:/Users/sheng/OneDrive - National University of Singapore/Desktop/NUS/Y1S2/EE2026/ee2026_project/MODS.xpr/MODS/MODS.runs/impl_1/runme.log
set_property PROBES.FILE {} [get_hw_devices xc7a35t_0]
set_property FULL_PROBES.FILE {} [get_hw_devices xc7a35t_0]
set_property PROGRAM.FILE {C:/Users/sheng/OneDrive - National University of Singapore/Desktop/NUS/Y1S2/EE2026/ee2026_project/MODS.xpr/MODS/MODS.runs/impl_1/Top_Student.bit} [get_hw_devices xc7a35t_0]
program_hw_devices [get_hw_devices xc7a35t_0]
INFO: [Labtools 27-3164] End of startup status: HIGH
refresh_hw_device [lindex [get_hw_devices xc7a35t_0] 0]
INFO: [Labtools 27-1434] Device xc7a35t (JTAG device index = 0) is programmed with a design that has no supported debug core(s) in it.
WARNING: [Labtools 27-3361] The debug hub core was not detected.
Resolution: 
1. Make sure the clock connected to the debug hub (dbg_hub) core is a free running clock and is active.
2. Make sure the BSCAN_SWITCH_USER_MASK device property in Vivado Hardware Manager reflects the user scan chain setting in the design and refresh the device.  To determine the user scan chain setting in the design, open the implemented design and use 'get_property C_USER_SCAN_CHAIN [get_debug_cores dbg_hub]'.
For more details on setting the scan chain property, consult the Vivado Debug and Programming User Guide (UG908).
reset_run synth_1
launch_runs impl_1 -to_step write_bitstream -jobs 8
[Sun Mar 10 01:05:11 2024] Launched synth_1...
Run output will be captured here: C:/Users/sheng/OneDrive - National University of Singapore/Desktop/NUS/Y1S2/EE2026/ee2026_project/MODS.xpr/MODS/MODS.runs/synth_1/runme.log
[Sun Mar 10 01:05:11 2024] Launched impl_1...
Run output will be captured here: C:/Users/sheng/OneDrive - National University of Singapore/Desktop/NUS/Y1S2/EE2026/ee2026_project/MODS.xpr/MODS/MODS.runs/impl_1/runme.log
set_property PROBES.FILE {} [get_hw_devices xc7a35t_0]
set_property FULL_PROBES.FILE {} [get_hw_devices xc7a35t_0]
set_property PROGRAM.FILE {C:/Users/sheng/OneDrive - National University of Singapore/Desktop/NUS/Y1S2/EE2026/ee2026_project/MODS.xpr/MODS/MODS.runs/impl_1/Top_Student.bit} [get_hw_devices xc7a35t_0]
program_hw_devices [get_hw_devices xc7a35t_0]
INFO: [Labtools 27-3164] End of startup status: HIGH
refresh_hw_device [lindex [get_hw_devices xc7a35t_0] 0]
INFO: [Labtools 27-1434] Device xc7a35t (JTAG device index = 0) is programmed with a design that has no supported debug core(s) in it.
WARNING: [Labtools 27-3361] The debug hub core was not detected.
Resolution: 
1. Make sure the clock connected to the debug hub (dbg_hub) core is a free running clock and is active.
2. Make sure the BSCAN_SWITCH_USER_MASK device property in Vivado Hardware Manager reflects the user scan chain setting in the design and refresh the device.  To determine the user scan chain setting in the design, open the implemented design and use 'get_property C_USER_SCAN_CHAIN [get_debug_cores dbg_hub]'.
For more details on setting the scan chain property, consult the Vivado Debug and Programming User Guide (UG908).
reset_run synth_1
launch_runs impl_1 -to_step write_bitstream -jobs 8
[Sun Mar 10 01:11:18 2024] Launched synth_1...
Run output will be captured here: C:/Users/sheng/OneDrive - National University of Singapore/Desktop/NUS/Y1S2/EE2026/ee2026_project/MODS.xpr/MODS/MODS.runs/synth_1/runme.log
[Sun Mar 10 01:11:18 2024] Launched impl_1...
Run output will be captured here: C:/Users/sheng/OneDrive - National University of Singapore/Desktop/NUS/Y1S2/EE2026/ee2026_project/MODS.xpr/MODS/MODS.runs/impl_1/runme.log
set_property PROBES.FILE {} [get_hw_devices xc7a35t_0]
set_property FULL_PROBES.FILE {} [get_hw_devices xc7a35t_0]
set_property PROGRAM.FILE {C:/Users/sheng/OneDrive - National University of Singapore/Desktop/NUS/Y1S2/EE2026/ee2026_project/MODS.xpr/MODS/MODS.runs/impl_1/Top_Student.bit} [get_hw_devices xc7a35t_0]
program_hw_devices [get_hw_devices xc7a35t_0]
INFO: [Labtools 27-3164] End of startup status: HIGH
refresh_hw_device [lindex [get_hw_devices xc7a35t_0] 0]
INFO: [Labtools 27-1434] Device xc7a35t (JTAG device index = 0) is programmed with a design that has no supported debug core(s) in it.
WARNING: [Labtools 27-3361] The debug hub core was not detected.
Resolution: 
1. Make sure the clock connected to the debug hub (dbg_hub) core is a free running clock and is active.
2. Make sure the BSCAN_SWITCH_USER_MASK device property in Vivado Hardware Manager reflects the user scan chain setting in the design and refresh the device.  To determine the user scan chain setting in the design, open the implemented design and use 'get_property C_USER_SCAN_CHAIN [get_debug_cores dbg_hub]'.
For more details on setting the scan chain property, consult the Vivado Debug and Programming User Guide (UG908).
reset_run synth_1
launch_runs impl_1 -to_step write_bitstream -jobs 8
[Sun Mar 10 01:14:48 2024] Launched synth_1...
Run output will be captured here: C:/Users/sheng/OneDrive - National University of Singapore/Desktop/NUS/Y1S2/EE2026/ee2026_project/MODS.xpr/MODS/MODS.runs/synth_1/runme.log
[Sun Mar 10 01:14:48 2024] Launched impl_1...
Run output will be captured here: C:/Users/sheng/OneDrive - National University of Singapore/Desktop/NUS/Y1S2/EE2026/ee2026_project/MODS.xpr/MODS/MODS.runs/impl_1/runme.log
set_property PROBES.FILE {} [get_hw_devices xc7a35t_0]
set_property FULL_PROBES.FILE {} [get_hw_devices xc7a35t_0]
set_property PROGRAM.FILE {C:/Users/sheng/OneDrive - National University of Singapore/Desktop/NUS/Y1S2/EE2026/ee2026_project/MODS.xpr/MODS/MODS.runs/impl_1/Top_Student.bit} [get_hw_devices xc7a35t_0]
program_hw_devices [get_hw_devices xc7a35t_0]
INFO: [Labtools 27-3164] End of startup status: HIGH
refresh_hw_device [lindex [get_hw_devices xc7a35t_0] 0]
INFO: [Labtools 27-1434] Device xc7a35t (JTAG device index = 0) is programmed with a design that has no supported debug core(s) in it.
WARNING: [Labtools 27-3361] The debug hub core was not detected.
Resolution: 
1. Make sure the clock connected to the debug hub (dbg_hub) core is a free running clock and is active.
2. Make sure the BSCAN_SWITCH_USER_MASK device property in Vivado Hardware Manager reflects the user scan chain setting in the design and refresh the device.  To determine the user scan chain setting in the design, open the implemented design and use 'get_property C_USER_SCAN_CHAIN [get_debug_cores dbg_hub]'.
For more details on setting the scan chain property, consult the Vivado Debug and Programming User Guide (UG908).
reset_run synth_1
launch_runs impl_1 -to_step write_bitstream -jobs 8
[Sun Mar 10 01:17:15 2024] Launched synth_1...
Run output will be captured here: C:/Users/sheng/OneDrive - National University of Singapore/Desktop/NUS/Y1S2/EE2026/ee2026_project/MODS.xpr/MODS/MODS.runs/synth_1/runme.log
[Sun Mar 10 01:17:15 2024] Launched impl_1...
Run output will be captured here: C:/Users/sheng/OneDrive - National University of Singapore/Desktop/NUS/Y1S2/EE2026/ee2026_project/MODS.xpr/MODS/MODS.runs/impl_1/runme.log
set_property PROBES.FILE {} [get_hw_devices xc7a35t_0]
set_property FULL_PROBES.FILE {} [get_hw_devices xc7a35t_0]
set_property PROGRAM.FILE {C:/Users/sheng/OneDrive - National University of Singapore/Desktop/NUS/Y1S2/EE2026/ee2026_project/MODS.xpr/MODS/MODS.runs/impl_1/Top_Student.bit} [get_hw_devices xc7a35t_0]
program_hw_devices [get_hw_devices xc7a35t_0]
INFO: [Labtools 27-3164] End of startup status: HIGH
refresh_hw_device [lindex [get_hw_devices xc7a35t_0] 0]
INFO: [Labtools 27-1434] Device xc7a35t (JTAG device index = 0) is programmed with a design that has no supported debug core(s) in it.
WARNING: [Labtools 27-3361] The debug hub core was not detected.
Resolution: 
1. Make sure the clock connected to the debug hub (dbg_hub) core is a free running clock and is active.
2. Make sure the BSCAN_SWITCH_USER_MASK device property in Vivado Hardware Manager reflects the user scan chain setting in the design and refresh the device.  To determine the user scan chain setting in the design, open the implemented design and use 'get_property C_USER_SCAN_CHAIN [get_debug_cores dbg_hub]'.
For more details on setting the scan chain property, consult the Vivado Debug and Programming User Guide (UG908).
reset_run synth_1
launch_runs impl_1 -to_step write_bitstream -jobs 8
[Sun Mar 10 01:29:31 2024] Launched synth_1...
Run output will be captured here: C:/Users/sheng/OneDrive - National University of Singapore/Desktop/NUS/Y1S2/EE2026/ee2026_project/MODS.xpr/MODS/MODS.runs/synth_1/runme.log
[Sun Mar 10 01:29:31 2024] Launched impl_1...
Run output will be captured here: C:/Users/sheng/OneDrive - National University of Singapore/Desktop/NUS/Y1S2/EE2026/ee2026_project/MODS.xpr/MODS/MODS.runs/impl_1/runme.log
set_property PROBES.FILE {} [get_hw_devices xc7a35t_0]
set_property FULL_PROBES.FILE {} [get_hw_devices xc7a35t_0]
set_property PROGRAM.FILE {C:/Users/sheng/OneDrive - National University of Singapore/Desktop/NUS/Y1S2/EE2026/ee2026_project/MODS.xpr/MODS/MODS.runs/impl_1/Top_Student.bit} [get_hw_devices xc7a35t_0]
program_hw_devices [get_hw_devices xc7a35t_0]
INFO: [Labtools 27-3164] End of startup status: HIGH
refresh_hw_device [lindex [get_hw_devices xc7a35t_0] 0]
INFO: [Labtools 27-1434] Device xc7a35t (JTAG device index = 0) is programmed with a design that has no supported debug core(s) in it.
WARNING: [Labtools 27-3361] The debug hub core was not detected.
Resolution: 
1. Make sure the clock connected to the debug hub (dbg_hub) core is a free running clock and is active.
2. Make sure the BSCAN_SWITCH_USER_MASK device property in Vivado Hardware Manager reflects the user scan chain setting in the design and refresh the device.  To determine the user scan chain setting in the design, open the implemented design and use 'get_property C_USER_SCAN_CHAIN [get_debug_cores dbg_hub]'.
For more details on setting the scan chain property, consult the Vivado Debug and Programming User Guide (UG908).
reset_run synth_1
launch_runs impl_1 -to_step write_bitstream -jobs 8
[Sun Mar 10 01:34:18 2024] Launched synth_1...
Run output will be captured here: C:/Users/sheng/OneDrive - National University of Singapore/Desktop/NUS/Y1S2/EE2026/ee2026_project/MODS.xpr/MODS/MODS.runs/synth_1/runme.log
[Sun Mar 10 01:34:18 2024] Launched impl_1...
Run output will be captured here: C:/Users/sheng/OneDrive - National University of Singapore/Desktop/NUS/Y1S2/EE2026/ee2026_project/MODS.xpr/MODS/MODS.runs/impl_1/runme.log
set_property PROBES.FILE {} [get_hw_devices xc7a35t_0]
set_property FULL_PROBES.FILE {} [get_hw_devices xc7a35t_0]
set_property PROGRAM.FILE {C:/Users/sheng/OneDrive - National University of Singapore/Desktop/NUS/Y1S2/EE2026/ee2026_project/MODS.xpr/MODS/MODS.runs/impl_1/Top_Student.bit} [get_hw_devices xc7a35t_0]
program_hw_devices [get_hw_devices xc7a35t_0]
INFO: [Labtools 27-3164] End of startup status: HIGH
refresh_hw_device [lindex [get_hw_devices xc7a35t_0] 0]
INFO: [Labtools 27-1434] Device xc7a35t (JTAG device index = 0) is programmed with a design that has no supported debug core(s) in it.
WARNING: [Labtools 27-3361] The debug hub core was not detected.
Resolution: 
1. Make sure the clock connected to the debug hub (dbg_hub) core is a free running clock and is active.
2. Make sure the BSCAN_SWITCH_USER_MASK device property in Vivado Hardware Manager reflects the user scan chain setting in the design and refresh the device.  To determine the user scan chain setting in the design, open the implemented design and use 'get_property C_USER_SCAN_CHAIN [get_debug_cores dbg_hub]'.
For more details on setting the scan chain property, consult the Vivado Debug and Programming User Guide (UG908).
reset_run synth_1
launch_runs impl_1 -to_step write_bitstream -jobs 8
[Sun Mar 10 01:39:20 2024] Launched synth_1...
Run output will be captured here: C:/Users/sheng/OneDrive - National University of Singapore/Desktop/NUS/Y1S2/EE2026/ee2026_project/MODS.xpr/MODS/MODS.runs/synth_1/runme.log
[Sun Mar 10 01:39:20 2024] Launched impl_1...
Run output will be captured here: C:/Users/sheng/OneDrive - National University of Singapore/Desktop/NUS/Y1S2/EE2026/ee2026_project/MODS.xpr/MODS/MODS.runs/impl_1/runme.log
set_property PROBES.FILE {} [get_hw_devices xc7a35t_0]
set_property FULL_PROBES.FILE {} [get_hw_devices xc7a35t_0]
set_property PROGRAM.FILE {C:/Users/sheng/OneDrive - National University of Singapore/Desktop/NUS/Y1S2/EE2026/ee2026_project/MODS.xpr/MODS/MODS.runs/impl_1/Top_Student.bit} [get_hw_devices xc7a35t_0]
program_hw_devices [get_hw_devices xc7a35t_0]
INFO: [Labtools 27-3164] End of startup status: HIGH
refresh_hw_device [lindex [get_hw_devices xc7a35t_0] 0]
INFO: [Labtools 27-1434] Device xc7a35t (JTAG device index = 0) is programmed with a design that has no supported debug core(s) in it.
WARNING: [Labtools 27-3361] The debug hub core was not detected.
Resolution: 
1. Make sure the clock connected to the debug hub (dbg_hub) core is a free running clock and is active.
2. Make sure the BSCAN_SWITCH_USER_MASK device property in Vivado Hardware Manager reflects the user scan chain setting in the design and refresh the device.  To determine the user scan chain setting in the design, open the implemented design and use 'get_property C_USER_SCAN_CHAIN [get_debug_cores dbg_hub]'.
For more details on setting the scan chain property, consult the Vivado Debug and Programming User Guide (UG908).
reset_run synth_1
launch_runs impl_1 -to_step write_bitstream -jobs 8
[Sun Mar 10 01:47:55 2024] Launched synth_1...
Run output will be captured here: C:/Users/sheng/OneDrive - National University of Singapore/Desktop/NUS/Y1S2/EE2026/ee2026_project/MODS.xpr/MODS/MODS.runs/synth_1/runme.log
[Sun Mar 10 01:47:55 2024] Launched impl_1...
Run output will be captured here: C:/Users/sheng/OneDrive - National University of Singapore/Desktop/NUS/Y1S2/EE2026/ee2026_project/MODS.xpr/MODS/MODS.runs/impl_1/runme.log
set_property PROBES.FILE {} [get_hw_devices xc7a35t_0]
set_property FULL_PROBES.FILE {} [get_hw_devices xc7a35t_0]
set_property PROGRAM.FILE {C:/Users/sheng/OneDrive - National University of Singapore/Desktop/NUS/Y1S2/EE2026/ee2026_project/MODS.xpr/MODS/MODS.runs/impl_1/Top_Student.bit} [get_hw_devices xc7a35t_0]
program_hw_devices [get_hw_devices xc7a35t_0]
INFO: [Labtools 27-3164] End of startup status: HIGH
refresh_hw_device [lindex [get_hw_devices xc7a35t_0] 0]
INFO: [Labtools 27-1434] Device xc7a35t (JTAG device index = 0) is programmed with a design that has no supported debug core(s) in it.
WARNING: [Labtools 27-3361] The debug hub core was not detected.
Resolution: 
1. Make sure the clock connected to the debug hub (dbg_hub) core is a free running clock and is active.
2. Make sure the BSCAN_SWITCH_USER_MASK device property in Vivado Hardware Manager reflects the user scan chain setting in the design and refresh the device.  To determine the user scan chain setting in the design, open the implemented design and use 'get_property C_USER_SCAN_CHAIN [get_debug_cores dbg_hub]'.
For more details on setting the scan chain property, consult the Vivado Debug and Programming User Guide (UG908).
reset_run synth_1
launch_runs impl_1 -to_step write_bitstream -jobs 8
[Sun Mar 10 01:56:11 2024] Launched synth_1...
Run output will be captured here: C:/Users/sheng/OneDrive - National University of Singapore/Desktop/NUS/Y1S2/EE2026/ee2026_project/MODS.xpr/MODS/MODS.runs/synth_1/runme.log
[Sun Mar 10 01:56:11 2024] Launched impl_1...
Run output will be captured here: C:/Users/sheng/OneDrive - National University of Singapore/Desktop/NUS/Y1S2/EE2026/ee2026_project/MODS.xpr/MODS/MODS.runs/impl_1/runme.log
set_property PROBES.FILE {} [get_hw_devices xc7a35t_0]
set_property FULL_PROBES.FILE {} [get_hw_devices xc7a35t_0]
set_property PROGRAM.FILE {C:/Users/sheng/OneDrive - National University of Singapore/Desktop/NUS/Y1S2/EE2026/ee2026_project/MODS.xpr/MODS/MODS.runs/impl_1/Top_Student.bit} [get_hw_devices xc7a35t_0]
program_hw_devices [get_hw_devices xc7a35t_0]
INFO: [Labtools 27-3164] End of startup status: HIGH
refresh_hw_device [lindex [get_hw_devices xc7a35t_0] 0]
INFO: [Labtools 27-1434] Device xc7a35t (JTAG device index = 0) is programmed with a design that has no supported debug core(s) in it.
WARNING: [Labtools 27-3361] The debug hub core was not detected.
Resolution: 
1. Make sure the clock connected to the debug hub (dbg_hub) core is a free running clock and is active.
2. Make sure the BSCAN_SWITCH_USER_MASK device property in Vivado Hardware Manager reflects the user scan chain setting in the design and refresh the device.  To determine the user scan chain setting in the design, open the implemented design and use 'get_property C_USER_SCAN_CHAIN [get_debug_cores dbg_hub]'.
For more details on setting the scan chain property, consult the Vivado Debug and Programming User Guide (UG908).
reset_run synth_1
launch_runs impl_1 -to_step write_bitstream -jobs 8
[Sun Mar 10 02:06:56 2024] Launched synth_1...
Run output will be captured here: C:/Users/sheng/OneDrive - National University of Singapore/Desktop/NUS/Y1S2/EE2026/ee2026_project/MODS.xpr/MODS/MODS.runs/synth_1/runme.log
[Sun Mar 10 02:06:56 2024] Launched impl_1...
Run output will be captured here: C:/Users/sheng/OneDrive - National University of Singapore/Desktop/NUS/Y1S2/EE2026/ee2026_project/MODS.xpr/MODS/MODS.runs/impl_1/runme.log
set_property PROBES.FILE {} [get_hw_devices xc7a35t_0]
set_property FULL_PROBES.FILE {} [get_hw_devices xc7a35t_0]
set_property PROGRAM.FILE {C:/Users/sheng/OneDrive - National University of Singapore/Desktop/NUS/Y1S2/EE2026/ee2026_project/MODS.xpr/MODS/MODS.runs/impl_1/Top_Student.bit} [get_hw_devices xc7a35t_0]
program_hw_devices [get_hw_devices xc7a35t_0]
INFO: [Labtools 27-3164] End of startup status: HIGH
refresh_hw_device [lindex [get_hw_devices xc7a35t_0] 0]
INFO: [Labtools 27-1434] Device xc7a35t (JTAG device index = 0) is programmed with a design that has no supported debug core(s) in it.
WARNING: [Labtools 27-3361] The debug hub core was not detected.
Resolution: 
1. Make sure the clock connected to the debug hub (dbg_hub) core is a free running clock and is active.
2. Make sure the BSCAN_SWITCH_USER_MASK device property in Vivado Hardware Manager reflects the user scan chain setting in the design and refresh the device.  To determine the user scan chain setting in the design, open the implemented design and use 'get_property C_USER_SCAN_CHAIN [get_debug_cores dbg_hub]'.
For more details on setting the scan chain property, consult the Vivado Debug and Programming User Guide (UG908).
reset_run synth_1
launch_runs impl_1 -to_step write_bitstream -jobs 8
[Sun Mar 10 02:18:22 2024] Launched synth_1...
Run output will be captured here: C:/Users/sheng/OneDrive - National University of Singapore/Desktop/NUS/Y1S2/EE2026/ee2026_project/MODS.xpr/MODS/MODS.runs/synth_1/runme.log
[Sun Mar 10 02:18:22 2024] Launched impl_1...
Run output will be captured here: C:/Users/sheng/OneDrive - National University of Singapore/Desktop/NUS/Y1S2/EE2026/ee2026_project/MODS.xpr/MODS/MODS.runs/impl_1/runme.log
set_property PROBES.FILE {} [get_hw_devices xc7a35t_0]
set_property FULL_PROBES.FILE {} [get_hw_devices xc7a35t_0]
set_property PROGRAM.FILE {C:/Users/sheng/OneDrive - National University of Singapore/Desktop/NUS/Y1S2/EE2026/ee2026_project/MODS.xpr/MODS/MODS.runs/impl_1/Top_Student.bit} [get_hw_devices xc7a35t_0]
program_hw_devices [get_hw_devices xc7a35t_0]
INFO: [Labtools 27-3164] End of startup status: HIGH
refresh_hw_device [lindex [get_hw_devices xc7a35t_0] 0]
INFO: [Labtools 27-1434] Device xc7a35t (JTAG device index = 0) is programmed with a design that has no supported debug core(s) in it.
WARNING: [Labtools 27-3361] The debug hub core was not detected.
Resolution: 
1. Make sure the clock connected to the debug hub (dbg_hub) core is a free running clock and is active.
2. Make sure the BSCAN_SWITCH_USER_MASK device property in Vivado Hardware Manager reflects the user scan chain setting in the design and refresh the device.  To determine the user scan chain setting in the design, open the implemented design and use 'get_property C_USER_SCAN_CHAIN [get_debug_cores dbg_hub]'.
For more details on setting the scan chain property, consult the Vivado Debug and Programming User Guide (UG908).
reset_run synth_1
launch_runs impl_1 -to_step write_bitstream -jobs 8
[Sun Mar 10 02:21:55 2024] Launched synth_1...
Run output will be captured here: C:/Users/sheng/OneDrive - National University of Singapore/Desktop/NUS/Y1S2/EE2026/ee2026_project/MODS.xpr/MODS/MODS.runs/synth_1/runme.log
[Sun Mar 10 02:21:55 2024] Launched impl_1...
Run output will be captured here: C:/Users/sheng/OneDrive - National University of Singapore/Desktop/NUS/Y1S2/EE2026/ee2026_project/MODS.xpr/MODS/MODS.runs/impl_1/runme.log
set_property PROBES.FILE {} [get_hw_devices xc7a35t_0]
set_property FULL_PROBES.FILE {} [get_hw_devices xc7a35t_0]
set_property PROGRAM.FILE {C:/Users/sheng/OneDrive - National University of Singapore/Desktop/NUS/Y1S2/EE2026/ee2026_project/MODS.xpr/MODS/MODS.runs/impl_1/Top_Student.bit} [get_hw_devices xc7a35t_0]
program_hw_devices [get_hw_devices xc7a35t_0]
INFO: [Labtools 27-3164] End of startup status: HIGH
refresh_hw_device [lindex [get_hw_devices xc7a35t_0] 0]
INFO: [Labtools 27-1434] Device xc7a35t (JTAG device index = 0) is programmed with a design that has no supported debug core(s) in it.
WARNING: [Labtools 27-3361] The debug hub core was not detected.
Resolution: 
1. Make sure the clock connected to the debug hub (dbg_hub) core is a free running clock and is active.
2. Make sure the BSCAN_SWITCH_USER_MASK device property in Vivado Hardware Manager reflects the user scan chain setting in the design and refresh the device.  To determine the user scan chain setting in the design, open the implemented design and use 'get_property C_USER_SCAN_CHAIN [get_debug_cores dbg_hub]'.
For more details on setting the scan chain property, consult the Vivado Debug and Programming User Guide (UG908).
reset_run synth_1
launch_runs impl_1 -to_step write_bitstream -jobs 8
[Sun Mar 10 02:25:18 2024] Launched synth_1...
Run output will be captured here: C:/Users/sheng/OneDrive - National University of Singapore/Desktop/NUS/Y1S2/EE2026/ee2026_project/MODS.xpr/MODS/MODS.runs/synth_1/runme.log
[Sun Mar 10 02:25:18 2024] Launched impl_1...
Run output will be captured here: C:/Users/sheng/OneDrive - National University of Singapore/Desktop/NUS/Y1S2/EE2026/ee2026_project/MODS.xpr/MODS/MODS.runs/impl_1/runme.log
set_property PROBES.FILE {} [get_hw_devices xc7a35t_0]
set_property FULL_PROBES.FILE {} [get_hw_devices xc7a35t_0]
set_property PROGRAM.FILE {C:/Users/sheng/OneDrive - National University of Singapore/Desktop/NUS/Y1S2/EE2026/ee2026_project/MODS.xpr/MODS/MODS.runs/impl_1/Top_Student.bit} [get_hw_devices xc7a35t_0]
program_hw_devices [get_hw_devices xc7a35t_0]
INFO: [Labtools 27-3164] End of startup status: HIGH
refresh_hw_device [lindex [get_hw_devices xc7a35t_0] 0]
INFO: [Labtools 27-1434] Device xc7a35t (JTAG device index = 0) is programmed with a design that has no supported debug core(s) in it.
WARNING: [Labtools 27-3361] The debug hub core was not detected.
Resolution: 
1. Make sure the clock connected to the debug hub (dbg_hub) core is a free running clock and is active.
2. Make sure the BSCAN_SWITCH_USER_MASK device property in Vivado Hardware Manager reflects the user scan chain setting in the design and refresh the device.  To determine the user scan chain setting in the design, open the implemented design and use 'get_property C_USER_SCAN_CHAIN [get_debug_cores dbg_hub]'.
For more details on setting the scan chain property, consult the Vivado Debug and Programming User Guide (UG908).
set_property PROBES.FILE {} [get_hw_devices xc7a35t_0]
set_property FULL_PROBES.FILE {} [get_hw_devices xc7a35t_0]
set_property PROGRAM.FILE {C:/Users/sheng/OneDrive - National University of Singapore/Desktop/NUS/Y1S2/EE2026/ee2026_project/MODS.xpr/MODS/MODS.runs/impl_1/Top_Student.bit} [get_hw_devices xc7a35t_0]
program_hw_devices [get_hw_devices xc7a35t_0]
INFO: [Labtools 27-3164] End of startup status: HIGH
refresh_hw_device [lindex [get_hw_devices xc7a35t_0] 0]
INFO: [Labtools 27-1434] Device xc7a35t (JTAG device index = 0) is programmed with a design that has no supported debug core(s) in it.
WARNING: [Labtools 27-3361] The debug hub core was not detected.
Resolution: 
1. Make sure the clock connected to the debug hub (dbg_hub) core is a free running clock and is active.
2. Make sure the BSCAN_SWITCH_USER_MASK device property in Vivado Hardware Manager reflects the user scan chain setting in the design and refresh the device.  To determine the user scan chain setting in the design, open the implemented design and use 'get_property C_USER_SCAN_CHAIN [get_debug_cores dbg_hub]'.
For more details on setting the scan chain property, consult the Vivado Debug and Programming User Guide (UG908).
reset_run synth_1
launch_runs impl_1 -to_step write_bitstream -jobs 8
[Sun Mar 10 02:34:35 2024] Launched synth_1...
Run output will be captured here: C:/Users/sheng/OneDrive - National University of Singapore/Desktop/NUS/Y1S2/EE2026/ee2026_project/MODS.xpr/MODS/MODS.runs/synth_1/runme.log
[Sun Mar 10 02:34:35 2024] Launched impl_1...
Run output will be captured here: C:/Users/sheng/OneDrive - National University of Singapore/Desktop/NUS/Y1S2/EE2026/ee2026_project/MODS.xpr/MODS/MODS.runs/impl_1/runme.log
set_property PROBES.FILE {} [get_hw_devices xc7a35t_0]
set_property FULL_PROBES.FILE {} [get_hw_devices xc7a35t_0]
set_property PROGRAM.FILE {C:/Users/sheng/OneDrive - National University of Singapore/Desktop/NUS/Y1S2/EE2026/ee2026_project/MODS.xpr/MODS/MODS.runs/impl_1/Top_Student.bit} [get_hw_devices xc7a35t_0]
program_hw_devices [get_hw_devices xc7a35t_0]
INFO: [Labtools 27-3164] End of startup status: HIGH
refresh_hw_device [lindex [get_hw_devices xc7a35t_0] 0]
INFO: [Labtools 27-1434] Device xc7a35t (JTAG device index = 0) is programmed with a design that has no supported debug core(s) in it.
WARNING: [Labtools 27-3361] The debug hub core was not detected.
Resolution: 
1. Make sure the clock connected to the debug hub (dbg_hub) core is a free running clock and is active.
2. Make sure the BSCAN_SWITCH_USER_MASK device property in Vivado Hardware Manager reflects the user scan chain setting in the design and refresh the device.  To determine the user scan chain setting in the design, open the implemented design and use 'get_property C_USER_SCAN_CHAIN [get_debug_cores dbg_hub]'.
For more details on setting the scan chain property, consult the Vivado Debug and Programming User Guide (UG908).
reset_run synth_1
launch_runs impl_1 -to_step write_bitstream -jobs 8
[Sun Mar 10 02:38:05 2024] Launched synth_1...
Run output will be captured here: C:/Users/sheng/OneDrive - National University of Singapore/Desktop/NUS/Y1S2/EE2026/ee2026_project/MODS.xpr/MODS/MODS.runs/synth_1/runme.log
[Sun Mar 10 02:38:05 2024] Launched impl_1...
Run output will be captured here: C:/Users/sheng/OneDrive - National University of Singapore/Desktop/NUS/Y1S2/EE2026/ee2026_project/MODS.xpr/MODS/MODS.runs/impl_1/runme.log
set_property PROBES.FILE {} [get_hw_devices xc7a35t_0]
set_property FULL_PROBES.FILE {} [get_hw_devices xc7a35t_0]
set_property PROGRAM.FILE {C:/Users/sheng/OneDrive - National University of Singapore/Desktop/NUS/Y1S2/EE2026/ee2026_project/MODS.xpr/MODS/MODS.runs/impl_1/Top_Student.bit} [get_hw_devices xc7a35t_0]
program_hw_devices [get_hw_devices xc7a35t_0]
INFO: [Labtools 27-3164] End of startup status: HIGH
refresh_hw_device [lindex [get_hw_devices xc7a35t_0] 0]
INFO: [Labtools 27-1434] Device xc7a35t (JTAG device index = 0) is programmed with a design that has no supported debug core(s) in it.
WARNING: [Labtools 27-3361] The debug hub core was not detected.
Resolution: 
1. Make sure the clock connected to the debug hub (dbg_hub) core is a free running clock and is active.
2. Make sure the BSCAN_SWITCH_USER_MASK device property in Vivado Hardware Manager reflects the user scan chain setting in the design and refresh the device.  To determine the user scan chain setting in the design, open the implemented design and use 'get_property C_USER_SCAN_CHAIN [get_debug_cores dbg_hub]'.
For more details on setting the scan chain property, consult the Vivado Debug and Programming User Guide (UG908).
archive_project C:/Users/sheng/ee2026_labs/ee2026_project_10_march_taskd.xpr.zip -temp_dir {C:/Users/sheng/OneDrive - National University of Singapore/Desktop/NUS/Y1S2/EE2026/ee2026_project/MODS.xpr/MODS/.Xil/Vivado-5584-shengbin} -force -exclude_run_results
INFO: [Coretcl 2-137] starting archive...
INFO: [Coretcl 2-1499] Saving project copy to temporary location 'C:/Users/sheng/OneDrive - National University of Singapore/Desktop/NUS/Y1S2/EE2026/ee2026_project/MODS.xpr/MODS/.Xil/Vivado-5584-shengbin' for archiving project
INFO: [ProjectBase 1-489] The host OS only allows 260 characters in a normal path. The project is stored in a path with more than 80 characters. If you experience issues with IP, Block Designs, or files not being found, please consider moving the project to a location with a shorter path. Alternately consider using the OS subst command to map part of the path to a drive letter.
Current project path is 'C:/Users/sheng/OneDrive - National University of Singapore/Desktop/NUS/Y1S2/EE2026/ee2026_project/MODS.xpr/MODS'
Scanning sources...
Finished scanning sources
INFO: [IP_Flow 19-234] Refreshing IP repositories
INFO: [IP_Flow 19-1704] No user IP repositories specified
INFO: [IP_Flow 19-2313] Loaded Vivado IP repository 'C:/Xilinx/Vivado/2018.2/data/ip'.
INFO: [Coretcl 2-1211] Creating project copy for archival...
INFO: [ProjectBase 1-495] The host OS only allows 260 characters in a normal path. The project is stored in a path with more than 80 characters. If you experience any problem with archiving the project, please consider setting environment variable $TEMP to a shorter path.
Current project path is 'C:/Users/sheng/OneDrive - National University of Singapore/Desktop/NUS/Y1S2/EE2026/ee2026_project/MODS.xpr/MODS/.Xil/Vivado-5584-shengbin/PrjAr/_X_'.
INFO: [Coretcl 2-135] resetting runs for excluding generated files from archive...
WARNING: [Coretcl 2-105] Run 'synth_1' is currently active
INFO: [Coretcl 2-133] re-setting run 'synth_1'...
WARNING: [Coretcl 2-105] Run 'blk_mem_gen_const_synth_1' is currently active
INFO: [Coretcl 2-133] re-setting run 'blk_mem_gen_const_synth_1'...
WARNING: [Coretcl 2-105] Run 'blk_mem_gen_img_synth_1' is currently active
INFO: [Coretcl 2-133] re-setting run 'blk_mem_gen_img_synth_1'...
INFO: [Coretcl 2-133] re-setting run 'impl_1'...
INFO: [Coretcl 2-133] re-setting run 'blk_mem_gen_const_impl_1'...
INFO: [Coretcl 2-133] re-setting run 'blk_mem_gen_img_impl_1'...
INFO: [Coretcl 2-1212] Importing remotely added design sources and verilog include files (if any)...
INFO: [filemgmt 20-334] All file(s) are already imported in fileset: 'blk_mem_gen_const'
INFO: [filemgmt 20-348] Importing the appropriate files for fileset: 'blk_mem_gen_const'
INFO: [filemgmt 20-334] All file(s) are already imported in fileset: 'blk_mem_gen_img'
INFO: [filemgmt 20-348] Importing the appropriate files for fileset: 'blk_mem_gen_img'
INFO: [filemgmt 20-334] All file(s) are already imported in fileset: 'constrs_1'
INFO: [filemgmt 20-348] Importing the appropriate files for fileset: 'constrs_1'
INFO: [filemgmt 20-334] All file(s) are already imported in fileset: 'sim_1'
INFO: [filemgmt 20-348] Importing the appropriate files for fileset: 'sim_1'
INFO: [filemgmt 20-348] Importing the appropriate files for fileset: 'sources_1'
